<?xml version="1.0" encoding="UTF-8"?>
<!-- Generated by org.testng.reporters.JUnitReportReporter -->
<testsuite hostname="WIN-20160223PFQ" name="com.ulewo.test.service.ServiceTest" tests="1" failures="0" timestamp="13 Jul 2016 03:46:59 GMT" time="0.264" errors="0">
  <testcase name="testLogin" time="0.264" classname="com.ulewo.test.service.ServiceTest"/>
</testsuite> <!-- com.ulewo.test.service.ServiceTest -->
