<?xml version="1.0" encoding="UTF-8"?>
<!-- Generated by org.testng.reporters.JUnitReportReporter -->
<testsuite hostname="WIN-20160223PFQ" name="com.ulewo.test.service.SignInTest" tests="1" failures="0" timestamp="15 Jul 2016 11:46:03 GMT" time="0.404" errors="0">
  <testcase name="findSignInInfoByUserId" time="0.404" classname="com.ulewo.test.service.SignInTest"/>
</testsuite> <!-- com.ulewo.test.service.SignInTest -->
